#
# There is insufficient memory for the Java Runtime Environment to continue.
# Native memory allocation (mmap) failed to map 264241152 bytes. Error detail: G1 virtual space
# Possible reasons:
#   The system is out of physical RAM or swap space
#   This process is running with CompressedOops enabled, and the Java Heap may be blocking the growth of the native heap
# Possible solutions:
#   Reduce memory load on the system
#   Increase physical memory or swap space
#   Check if swap backing store is full
#   Decrease Java heap size (-Xmx/-Xms)
#   Decrease number of Java threads
#   Decrease Java thread stack sizes (-Xss)
#   Set larger code cache with -XX:ReservedCodeCacheSize=
#   JVM is running with Zero Based Compressed Oops mode in which the Java heap is
#     placed in the first 32GB address space. The Java Heap base address is the
#     maximum limit for the native heap growth. Please use -XX:HeapBaseMinAddress
#     to set the Java Heap base and to place the Java Heap above 32GB virtual address.
# This output file may be truncated or incomplete.
#
#  Out of Memory Error (os_windows.cpp:3825), pid=11596, tid=36000
#
# JRE version:  (17.0.11) (build )
# Java VM: OpenJDK 64-Bit Server VM (17.0.11+0--11852314, mixed mode, sharing, tiered, compressed oops, compressed class ptrs, g1 gc, windows-amd64)
# No core dump will be written. Minidumps are not enabled by default on client versions of Windows
#

---------------  S U M M A R Y ------------

Command Line: org.jetbrains.kotlin.cli.jvm.K2JVMCompiler @D:\gitlabProject\MarvelApp\app\build\20241119_15824008873311341136.compiler.options

Host: 11th Gen Intel(R) Core(TM) i7-1165G7 @ 2.80GHz, 8 cores, 15G,  Windows 10 , 64 bit Build 19041 (10.0.19041.2788)
Time: Tue Nov 19 22:22:36 2024 Egypt Standard Time elapsed time: 0.038252 seconds (0d 0h 0m 0s)

---------------  T H R E A D  ---------------

Current thread (0x000001c45dbe86d0):  JavaThread "Unknown thread" [_thread_in_vm, id=36000, stack(0x00000007da400000,0x00000007da500000)]

Stack: [0x00000007da400000,0x00000007da500000]
Native frames: (J=compiled Java code, j=interpreted, Vv=VM code, C=native code)
V  [jvm.dll+0x687bb9]
V  [jvm.dll+0x84142a]
V  [jvm.dll+0x8430ae]
V  [jvm.dll+0x843713]
V  [jvm.dll+0x24a35f]
V  [jvm.dll+0x684989]
V  [jvm.dll+0x67923a]
V  [jvm.dll+0x30af0b]
V  [jvm.dll+0x3123b6]
V  [jvm.dll+0x361dfe]
V  [jvm.dll+0x36202f]
V  [jvm.dll+0x2e0d38]
V  [jvm.dll+0x2e1ca4]
V  [jvm.dll+0x811f21]
V  [jvm.dll+0x36fb68]
V  [jvm.dll+0x7f0896]
V  [jvm.dll+0x3f3d2f]
V  [jvm.dll+0x3f58e1]
C  [jli.dll+0x528f]
C  [ucrtbase.dll+0x21bb2]
C  [KERNEL32.DLL+0x17604]
C  [ntdll.dll+0x526a1]


---------------  P R O C E S S  ---------------

Threads class SMR info:
_java_thread_list=0x00007ffc0647efd8, length=0, elements={
}

Java Threads: ( => current thread )

Other Threads:
  0x000001c45dc55af0 GCTaskThread "GC Thread#0" [stack: 0x00000007da500000,0x00000007da600000] [id=22152]
  0x000001c45dc66590 ConcurrentGCThread "G1 Main Marker" [stack: 0x00000007da600000,0x00000007da700000] [id=16996]
  0x000001c45dc67b20 ConcurrentGCThread "G1 Conc#0" [stack: 0x00000007da700000,0x00000007da800000] [id=16088]

[error occurred during error reporting (printing all threads), id 0xc0000005, EXCEPTION_ACCESS_VIOLATION (0xc0000005) at pc=0x00007ffc05c31907]

VM state: not at safepoint (not fully initialized)

VM Mutex/Monitor currently owned by a thread:  ([mutex/lock_event])
[0x000001c45dbe59d0] Heap_lock - owner thread: 0x000001c45dbe86d0

Heap address: 0x00000004d8600000, size: 4022 MB, Compressed Oops mode: Zero based, Oop shift amount: 3

CDS archive(s) mapped at: [0x0000000000000000-0x0000000000000000-0x0000000000000000), size 0, SharedBaseAddress: 0x0000000800000000, ArchiveRelocationMode: 1.
Narrow klass base: 0x0000000000000000, Narrow klass shift: 0, Narrow klass range: 0x0

GC Precious Log:
<Empty>

Heap:
 garbage-first heap   total 0K, used 0K [0x00000004d8600000, 0x00000005d3c00000)
  region size 2048K, 0 young (0K), 0 survivors (0K)
 Metaspace       used 0K, committed 0K, reserved 0K
  class space    used 0K, committed 0K, reserved 0K

Heap Regions: E=young(eden), S=young(survivor), O=old, HS=humongous(starts), HC=humongous(continues), CS=collection set, F=free, OA=open archive, CA=closed archive, TAMS=top-at-mark-start (previous, next)

Card table byte_map: [0x000001c470ba0000,0x000001c471380000] _byte_map_base: 0x000001c46e4dd000

Marking Bits (Prev, Next): (CMBitMap*) 0x000001c45dc56110, (CMBitMap*) 0x000001c45dc56150
 Prev Bits: [0x000001c471b60000, 0x000001c475a38000)
 Next Bits: [0x000001c475a40000, 0x000001c479918000)

GC Heap History (0 events):
No events

Dll operation events (1 events):
Event: 0.030 Loaded shared library C:\Program Files\Android\Android Studio\jbr\bin\java.dll

Deoptimization events (0 events):
No events

Classes unloaded (0 events):
No events

Classes redefined (0 events):
No events

Internal exceptions (0 events):
No events

VM Operations (0 events):
No events

Events (0 events):
No events


Dynamic libraries:
0x00007ff758110000 - 0x00007ff75811a000 	C:\Program Files\Android\Android Studio\jbr\bin\java.exe
0x00007ffcaf9f0000 - 0x00007ffcafbe8000 	C:\Windows\SYSTEM32\ntdll.dll
0x00007ffcaf840000 - 0x00007ffcaf8ff000 	C:\Windows\System32\KERNEL32.DLL
0x00007ffcad420000 - 0x00007ffcad6fa000 	C:\Windows\System32\KERNELBASE.dll
0x00007ffcad950000 - 0x00007ffcada50000 	C:\Windows\System32\ucrtbase.dll
0x00007ffc7b950000 - 0x00007ffc7b967000 	C:\Program Files\Android\Android Studio\jbr\bin\jli.dll
0x00007ffcae4e0000 - 0x00007ffcae67d000 	C:\Windows\System32\USER32.dll
0x00007ffcad8a0000 - 0x00007ffcad8c2000 	C:\Windows\System32\win32u.dll
0x00007ffcaadf0000 - 0x00007ffcaae0b000 	C:\Program Files\Android\Android Studio\jbr\bin\VCRUNTIME140.dll
0x00007ffcaf010000 - 0x00007ffcaf03b000 	C:\Windows\System32\GDI32.dll
0x00007ffcad260000 - 0x00007ffcad370000 	C:\Windows\System32\gdi32full.dll
0x00007ffcad700000 - 0x00007ffcad79d000 	C:\Windows\System32\msvcp_win.dll
0x00007ffc9bd20000 - 0x00007ffc9bfba000 	C:\Windows\WinSxS\amd64_microsoft.windows.common-controls_6595b64144ccf1df_6.0.19041.1110_none_60b5254171f9507e\COMCTL32.dll
0x00007ffcaf900000 - 0x00007ffcaf99e000 	C:\Windows\System32\msvcrt.dll
0x00007ffcaef70000 - 0x00007ffcaefa0000 	C:\Windows\System32\IMM32.DLL
0x00007ffca0070000 - 0x00007ffca0272000 	C:\Windows\system32\tmumh\20019\AddOn\8.55.0.1288\TmUmEvt64.dll
0x00007ffcadf70000 - 0x00007ffcadf78000 	C:\Windows\System32\PSAPI.DLL
0x00007ffcaf5e0000 - 0x00007ffcaf68e000 	C:\Windows\System32\ADVAPI32.dll
0x00007ffcae060000 - 0x00007ffcae0fc000 	C:\Windows\System32\sechost.dll
0x00007ffcaf040000 - 0x00007ffcaf166000 	C:\Windows\System32\RPCRT4.dll
0x0000000059a30000 - 0x0000000059bc7000 	C:\Windows\system32\tmumh\20019\TmMon\2.9.0.1084\tmmon64.dll
0x00007ffcaae60000 - 0x00007ffcaae6c000 	C:\Program Files\Android\Android Studio\jbr\bin\vcruntime140_1.dll
0x00007ffc6bf60000 - 0x00007ffc6bfed000 	C:\Program Files\Android\Android Studio\jbr\bin\msvcp140.dll
0x00007ffc05940000 - 0x00007ffc065c3000 	C:\Program Files\Android\Android Studio\jbr\bin\server\jvm.dll
0x00007ffcac6d0000 - 0x00007ffcac71b000 	C:\Windows\SYSTEM32\POWRPROF.dll
0x00007ffca25d0000 - 0x00007ffca25d9000 	C:\Windows\SYSTEM32\WSOCK32.dll
0x00007ffcaefa0000 - 0x00007ffcaf00b000 	C:\Windows\System32\WS2_32.dll
0x00007ffca3050000 - 0x00007ffca3077000 	C:\Windows\SYSTEM32\WINMM.dll
0x00007ffca4eb0000 - 0x00007ffca4eba000 	C:\Windows\SYSTEM32\VERSION.dll
0x00007ffcac540000 - 0x00007ffcac552000 	C:\Windows\SYSTEM32\UMPDC.dll
0x00007ffcab010000 - 0x00007ffcab022000 	C:\Windows\SYSTEM32\kernel.appcore.dll
0x00007ffc96b70000 - 0x00007ffc96b7a000 	C:\Program Files\Android\Android Studio\jbr\bin\jimage.dll
0x00007ffcaabd0000 - 0x00007ffcaadb4000 	C:\Windows\SYSTEM32\DBGHELP.DLL
0x00007ffca3080000 - 0x00007ffca30b4000 	C:\Windows\SYSTEM32\dbgcore.DLL
0x00007ffcad7a0000 - 0x00007ffcad822000 	C:\Windows\System32\bcryptPrimitives.dll
0x00007ffc7dbb0000 - 0x00007ffc7dbd5000 	C:\Program Files\Android\Android Studio\jbr\bin\java.dll

dbghelp: loaded successfully - version: 4.0.5 - missing functions: none
symbol engine: initialized successfully - sym options: 0x614 - pdb path: .;C:\Program Files\Android\Android Studio\jbr\bin;C:\Windows\SYSTEM32;C:\Windows\WinSxS\amd64_microsoft.windows.common-controls_6595b64144ccf1df_6.0.19041.1110_none_60b5254171f9507e;C:\Windows\system32\tmumh\20019\AddOn\8.55.0.1288;C:\Windows\system32\tmumh\20019\TmMon\2.9.0.1084;C:\Program Files\Android\Android Studio\jbr\bin\server

VM Arguments:
java_command: org.jetbrains.kotlin.cli.jvm.K2JVMCompiler @D:\gitlabProject\MarvelApp\app\build\20241119_15824008873311341136.compiler.options
java_class_path (initial): C:\Users\ahmed.aboelfadl\.gradle\caches\modules-2\files-2.1\org.jetbrains.kotlin\kotlin-compiler-embeddable\1.9.23\460f3eeb4ac5383e60a09898bafa9b63838cc2ea\kotlin-compiler-embeddable-1.9.23.jar;C:\Users\ahmed.aboelfadl\.gradle\caches\modules-2\files-2.1\org.jetbrains.kotlin\kotlin-stdlib\1.9.23\dbaadea1f5e68f790d242a91a38355a83ec38747\kotlin-stdlib-1.9.23.jar;C:\Users\ahmed.aboelfadl\.gradle\caches\modules-2\files-2.1\org.jetbrains.kotlin\kotlin-script-runtime\1.9.23\1375a7343d05891119fac57f8b50a7578420ac27\kotlin-script-runtime-1.9.23.jar;C:\Users\ahmed.aboelfadl\.gradle\caches\modules-2\files-2.1\org.jetbrains.kotlin\kotlin-reflect\1.6.10\1cbe9c92c12a94eea200d23c2bbaedaf3daf5132\kotlin-reflect-1.6.10.jar;C:\Users\ahmed.aboelfadl\.gradle\caches\modules-2\files-2.1\org.jetbrains.kotlin\kotlin-daemon-embeddable\1.9.23\a6ad5e888015dc4f9eb828ea753167f256093c6a\kotlin-daemon-embeddable-1.9.23.jar;C:\Users\ahmed.aboelfadl\.gradle\caches\modules-2\files-2.1\org.jetbrains.intellij.deps\trove4j\1.0.20200330\3afb14d5f9ceb459d724e907a21145e8ff394f02\trove4j-1.0.20200330.jar;C:\Users\ahmed.aboelfadl\.gradle\caches\modules-2\files-2.1\org.jetbrains\annotations\13.0\919f0dfe192fb4e063e7dacadee7f8bb9a2672a9\annotations-13.0.jar
Launcher Type: SUN_STANDARD

[Global flags]
     intx CICompilerCount                          = 4                                         {product} {ergonomic}
     uint ConcGCThreads                            = 2                                         {product} {ergonomic}
     uint G1ConcRefinementThreads                  = 8                                         {product} {ergonomic}
   size_t G1HeapRegionSize                         = 2097152                                   {product} {ergonomic}
    uintx GCDrainStackTargetSize                   = 64                                        {product} {ergonomic}
   size_t InitialHeapSize                          = 264241152                                 {product} {ergonomic}
   size_t MarkStackSize                            = 4194304                                   {product} {ergonomic}
   size_t MaxHeapSize                              = 4217372672                                {product} {ergonomic}
   size_t MinHeapDeltaBytes                        = 2097152                                   {product} {ergonomic}
   size_t MinHeapSize                              = 8388608                                   {product} {ergonomic}
    uintx NonNMethodCodeHeapSize                   = 5839372                                {pd product} {ergonomic}
    uintx NonProfiledCodeHeapSize                  = 122909434                              {pd product} {ergonomic}
    uintx ProfiledCodeHeapSize                     = 122909434                              {pd product} {ergonomic}
    uintx ReservedCodeCacheSize                    = 251658240                              {pd product} {ergonomic}
     bool SegmentedCodeCache                       = true                                      {product} {ergonomic}
   size_t SoftMaxHeapSize                          = 4217372672                             {manageable} {ergonomic}
     bool UseCompressedClassPointers               = true                           {product lp64_product} {ergonomic}
     bool UseCompressedOops                        = true                           {product lp64_product} {ergonomic}
     bool UseG1GC                                  = true                                      {product} {ergonomic}
     bool UseLargePagesIndividualAllocation        = false                                  {pd product} {ergonomic}

Logging:
Log output configuration:
 #0: stdout all=warning uptime,level,tags
 #1: stderr all=off uptime,level,tags

Environment Variables:
PATH=C:\Program Files (x86)\Common Files\Oracle\Java\javapath;C:\Windows\system32;C:\Windows;C:\Windows\System32\Wbem;C:\Windows\System32\WindowsPowerShell\v1.0\;C:\Windows\System32\OpenSSH\;D:\AndroidTools\Sdk\platform-tools;C:\Users\ahmed.aboelfadl\AppData\Local\Android\Sdk\platform-tools;C:\Program Files\Git\cmd;C:\Program Files\PuTTY\;C:\Users\ahmed.aboelfadl\AppData\Local\Microsoft\WindowsApps;C:\Users\ahmed.aboelfadl\AppData\Local\Programs\Git\cmd;C:\Users\ahmed.aboelfadl\AppData\Local\Programs\Microsoft VS Code\bin
USERNAME=Ahmed.AboElfadl
OS=Windows_NT
PROCESSOR_IDENTIFIER=Intel64 Family 6 Model 140 Stepping 1, GenuineIntel
TMP=C:\Users\AHMED~1.ABO\AppData\Local\Temp
TEMP=C:\Users\AHMED~1.ABO\AppData\Local\Temp



Periodic native trim disabled

JNI global refs:
JNI global refs: 0, weak refs: 0

JNI global refs memory usage: 0, weak refs: 0

Process memory usage:
Resident Set Size: 13436K (0% of 16468084K total physical memory with 578012K free physical memory)

OOME stack traces (most recent first):
Classloader memory used:


---------------  S Y S T E M  ---------------

OS:
 Windows 10 , 64 bit Build 19041 (10.0.19041.2788)
OS uptime: 7 days 3:37 hours

CPU: total 8 (initial active 8) (4 cores per cpu, 2 threads per core) family 6 model 140 stepping 1 microcode 0x86, cx8, cmov, fxsr, ht, mmx, 3dnowpref, sse, sse2, sse3, ssse3, sse4.1, sse4.2, popcnt, lzcnt, tsc, tscinvbit, avx, avx2, aes, erms, clmul, bmi1, bmi2, adx, avx512f, avx512dq, avx512cd, avx512bw, avx512vl, sha, fma, vzeroupper, avx512_vpopcntdq, avx512_vpclmulqdq, avx512_vaes, avx512_vnni, clflush, clflushopt, clwb, avx512_vbmi2, avx512_vbmi
Processor Information for all 8 processors :
  Max Mhz: 2803, Current Mhz: 2803, Mhz Limit: 2803

Memory: 4k page, system-wide physical 16082M (564M free)
TotalPageFile size 41759M (AvailPageFile size 221M)
current process WorkingSet (physical memory assigned to process): 13M, peak: 13M
current process commit charge ("private bytes"): 62M, peak: 314M

vm_info: OpenJDK 64-Bit Server VM (17.0.11+0--11852314) for windows-amd64 JRE (17.0.11+0--11852314), built on May 16 2024 21:29:20 by "androidbuild" with MS VC++ 16.10 / 16.11 (VS2019)

END.
